#
# There is insufficient memory for the Java Runtime Environment to continue.
# Native memory allocation (malloc) failed to allocate 32784 bytes for Chunk::new
# Possible reasons:
#   The system is out of physical RAM or swap space
#   The process is running with CompressedOops enabled, and the Java Heap may be blocking the growth of the native heap
# Possible solutions:
#   Reduce memory load on the system
#   Increase physical memory or swap space
#   Check if swap backing store is full
#   Decrease Java heap size (-Xmx/-Xms)
#   Decrease number of Java threads
#   Decrease Java thread stack sizes (-Xss)
#   Set larger code cache with -XX:ReservedCodeCacheSize=
#   JVM is running with Unscaled Compressed Oops mode in which the Java heap is
#     placed in the first 4GB address space. The Java Heap base address is the
#     maximum limit for the native heap growth. Please use -XX:HeapBaseMinAddress
#     to set the Java Heap base and to place the Java Heap above 4GB virtual address.
# This output file may be truncated or incomplete.
#
#  Out of Memory Error (./open/src/hotspot/share/memory/arena.cpp:197), pid=3052, tid=8948
#
# JRE version: Java(TM) SE Runtime Environment 18.9 (11.0.15.1+2) (build 11.0.15.1+2-LTS-10)
# Java VM: Java HotSpot(TM) 64-Bit Server VM 18.9 (11.0.15.1+2-LTS-10, mixed mode, tiered, compressed oops, g1 gc, windows-amd64)
# No core dump will be written. Minidumps are not enabled by default on client versions of Windows
#

---------------  S U M M A R Y ------------

Command Line: -DImplementation-Version=628 -DSpecification-Title=Gensokyo Pixel Dungeon -DSpecification-Version=1.2.3-INDEV -Dfile.encoding=UTF-8 -Duser.country=US -Duser.language=en -Duser.variant com.shatteredpixel.shatteredpixeldungeon.desktop.DesktopLauncher

Host: Intel(R) Core(TM) i5-8265U CPU @ 1.60GHz, 8 cores, 7G,  Windows 10 , 64 bit Build 19041 (10.0.19041.1741)
Time: Wed Jul 13 17:14:07 2022 SE Asia Standard Time elapsed time: 100.996827 seconds (0d 0h 1m 40s)

---------------  T H R E A D  ---------------

Current thread (0x000001e376a32800):  JavaThread "C2 CompilerThread0" daemon [_thread_in_native, id=8948, stack(0x000000cb92a00000,0x000000cb92b00000)]


Current CompileTask:
C2: 100996 3267   !   4      
[error occurred during error reporting (printing current compile task), id 0xe0000001, Out of Memory Error (./open/src/hotspot/share/memory/arena.cpp:81)]

Stack: [0x000000cb92a00000,0x000000cb92b00000]
Native frames: (J=compiled Java code, j=interpreted, Vv=VM code, C=native code)
V  [jvm.dll+0x629d8a]
V  [jvm.dll+0x7638ff]
V  [jvm.dll+0x764fa9]
V  [jvm.dll+0x765633]
V  [jvm.dll+0x23d9c8]
V  [jvm.dll+0xb2c7b]
V  [jvm.dll+0xb2fdc]
V  [jvm.dll+0x6f44cb]
V  [jvm.dll+0x6f4639]
V  [jvm.dll+0x501c52]
V  [jvm.dll+0x5e15b9]
V  [jvm.dll+0x20b69f]
V  [jvm.dll+0x20bc17]
V  [jvm.dll+0x76379d]
V  [jvm.dll+0x764fa9]
V  [jvm.dll+0x765633]
V  [jvm.dll+0x23d9c8]
V  [jvm.dll+0xb2a1c]
V  [jvm.dll+0xb2fdc]
V  [jvm.dll+0xb2b2b]
V  [jvm.dll+0x60b228]
V  [jvm.dll+0x65673c]
V  [jvm.dll+0x656f3d]
V  [jvm.dll+0x655b39]
V  [jvm.dll+0x1f9d73]
V  [jvm.dll+0x1f762d]
V  [jvm.dll+0x177c51]
V  [jvm.dll+0x207026]
V  [jvm.dll+0x2051bb]
V  [jvm.dll+0x729820]
V  [jvm.dll+0x7223f4]
V  [jvm.dll+0x628c26]
C  [ucrtbase.dll+0x21bb2]
C  [KERNEL32.DLL+0x17034]
C  [ntdll.dll+0x52651]


---------------  P R O C E S S  ---------------

Threads class SMR info:
_java_thread_list=0x000001e377900dc0, length=11, elements={
0x000001e358ac6800, 0x000001e376a0c800, 0x000001e376a18800, 0x000001e377392800,
0x000001e376a26000, 0x000001e376a26800, 0x000001e376a32800, 0x000001e376a3b000,
0x000001e3773be800, 0x000001e37753e800, 0x000001e303cdf000
}

Java Threads: ( => current thread )
  0x000001e358ac6800 JavaThread "SHPD Render Thread" [_thread_in_native, id=13140, stack(0x000000cb91e00000,0x000000cb91f00000)]
  0x000001e376a0c800 JavaThread "Reference Handler" daemon [_thread_blocked, id=6644, stack(0x000000cb92500000,0x000000cb92600000)]
  0x000001e376a18800 JavaThread "Finalizer" daemon [_thread_blocked, id=17212, stack(0x000000cb92600000,0x000000cb92700000)]
  0x000001e377392800 JavaThread "Signal Dispatcher" daemon [_thread_blocked, id=3572, stack(0x000000cb92700000,0x000000cb92800000)]
  0x000001e376a26000 JavaThread "Attach Listener" daemon [_thread_blocked, id=3320, stack(0x000000cb92800000,0x000000cb92900000)]
  0x000001e376a26800 JavaThread "Service Thread" daemon [_thread_blocked, id=5020, stack(0x000000cb92900000,0x000000cb92a00000)]
=>0x000001e376a32800 JavaThread "C2 CompilerThread0" daemon [_thread_in_native, id=8948, stack(0x000000cb92a00000,0x000000cb92b00000)]
  0x000001e376a3b000 JavaThread "C1 CompilerThread0" daemon [_thread_blocked, id=15636, stack(0x000000cb92b00000,0x000000cb92c00000)]
  0x000001e3773be800 JavaThread "Sweeper thread" daemon [_thread_blocked, id=14868, stack(0x000000cb92c00000,0x000000cb92d00000)]
  0x000001e37753e800 JavaThread "Common-Cleaner" daemon [_thread_blocked, id=17140, stack(0x000000cb92e00000,0x000000cb92f00000)]
  0x000001e303cdf000 JavaThread "SHPD Actor Thread" [_thread_blocked, id=11740, stack(0x000000cb93d00000,0x000000cb93e00000)]

Other Threads:
  0x000001e3769ea800 VMThread "VM Thread" [stack: 0x000000cb92400000,0x000000cb92500000] [id=12788]
  0x000001e37752f800 WatcherThread [stack: 0x000000cb92d00000,0x000000cb92e00000] [id=16920]
  0x000001e358ada000 GCTaskThread "GC Thread#0" [stack: 0x000000cb91f00000,0x000000cb92000000] [id=8932]
  0x000001e377dff800 GCTaskThread "GC Thread#1" [stack: 0x000000cb93a00000,0x000000cb93b00000] [id=9984]
  0x000001e37846e800 GCTaskThread "GC Thread#2" [stack: 0x000000cb93b00000,0x000000cb93c00000] [id=9368]
  0x000001e358b0e000 ConcurrentGCThread "G1 Main Marker" [stack: 0x000000cb92000000,0x000000cb92100000] [id=7264]
  0x000001e358b0f000 ConcurrentGCThread "G1 Conc#0" [stack: 0x000000cb92100000,0x000000cb92200000] [id=12108]
  0x000001e303933000 ConcurrentGCThread "G1 Conc#1" [stack: 0x000000cb94200000,0x000000cb94300000] [id=14740]
  0x000001e376854800 ConcurrentGCThread "G1 Refine#0" [stack: 0x000000cb92200000,0x000000cb92300000] [id=2276]
  0x000001e358b9e800 ConcurrentGCThread "G1 Young RemSet Sampling" [stack: 0x000000cb92300000,0x000000cb92400000] [id=5940]

Threads with active compile tasks:
C2 CompilerThread0 101055 3267   !   4       com.badlogic.gdx.backends.lwjgl3.Lwjgl3Window::update (217 bytes)

VM state:not at safepoint (normal execution)

VM Mutex/Monitor currently owned by a thread: None

Heap address: 0x0000000081c00000, size: 2020 MB, Compressed Oops mode: 32-bit
Narrow klass base: 0x0000000000000000, Narrow klass shift: 3
Compressed class space size: 1073741824 Address: 0x0000000100000000

Heap:
 garbage-first heap   total 131072K, used 60119K [0x0000000081c00000, 0x0000000100000000)
  region size 1024K, 57 young (58368K), 6 survivors (6144K)
 Metaspace       used 28108K, capacity 28514K, committed 28672K, reserved 1075200K
  class space    used 2838K, capacity 2995K, committed 3072K, reserved 1048576K
Heap Regions: E=young(eden), S=young(survivor), O=old, HS=humongous(starts), HC=humongous(continues), CS=collection set, F=free, A=archive, TAMS=top-at-mark-start (previous, next)
|   0|0x0000000081c00000, 0x0000000081d00000, 0x0000000081d00000|100%|HS|  |TAMS 0x0000000081c00000, 0x0000000081c00000| Complete 
|   1|0x0000000081d00000, 0x0000000081e00000, 0x0000000081e00000|100%|HS|  |TAMS 0x0000000081d00000, 0x0000000081d00000| Complete 
|   2|0x0000000081e00000, 0x0000000081f00000, 0x0000000081f00000|100%|HS|  |TAMS 0x0000000081e00000, 0x0000000081e00000| Complete 
|   3|0x0000000081f00000, 0x0000000082000000, 0x0000000082000000|100%|HS|  |TAMS 0x0000000081f00000, 0x0000000081f00000| Complete 
|   4|0x0000000082000000, 0x0000000082000000, 0x0000000082100000|  0%| F|  |TAMS 0x0000000082000000, 0x0000000082000000| Untracked 
|   5|0x0000000082100000, 0x0000000082100000, 0x0000000082200000|  0%| F|  |TAMS 0x0000000082100000, 0x0000000082100000| Untracked 
|   6|0x0000000082200000, 0x0000000082200000, 0x0000000082300000|  0%| F|  |TAMS 0x0000000082200000, 0x0000000082200000| Untracked 
|   7|0x0000000082300000, 0x0000000082300000, 0x0000000082400000|  0%| F|  |TAMS 0x0000000082300000, 0x0000000082300000| Untracked 
|   8|0x0000000082400000, 0x0000000082400000, 0x0000000082500000|  0%| F|  |TAMS 0x0000000082400000, 0x0000000082400000| Untracked 
|   9|0x0000000082500000, 0x0000000082500000, 0x0000000082600000|  0%| F|  |TAMS 0x0000000082500000, 0x0000000082500000| Untracked 
|  10|0x0000000082600000, 0x0000000082600000, 0x0000000082700000|  0%| F|  |TAMS 0x0000000082600000, 0x0000000082600000| Untracked 
|  11|0x0000000082700000, 0x0000000082700000, 0x0000000082800000|  0%| F|  |TAMS 0x0000000082700000, 0x0000000082700000| Untracked 
|  12|0x0000000082800000, 0x0000000082800000, 0x0000000082900000|  0%| F|  |TAMS 0x0000000082800000, 0x0000000082800000| Untracked 
|  13|0x0000000082900000, 0x0000000082900000, 0x0000000082a00000|  0%| F|  |TAMS 0x0000000082900000, 0x0000000082900000| Untracked 
|  14|0x0000000082a00000, 0x0000000082a00000, 0x0000000082b00000|  0%| F|  |TAMS 0x0000000082a00000, 0x0000000082a00000| Untracked 
|  15|0x0000000082b00000, 0x0000000082b00000, 0x0000000082c00000|  0%| F|  |TAMS 0x0000000082b00000, 0x0000000082b00000| Untracked 
|  16|0x0000000082c00000, 0x0000000082c00000, 0x0000000082d00000|  0%| F|  |TAMS 0x0000000082c00000, 0x0000000082c00000| Untracked 
|  17|0x0000000082d00000, 0x0000000082d00000, 0x0000000082e00000|  0%| F|  |TAMS 0x0000000082d00000, 0x0000000082d00000| Untracked 
|  18|0x0000000082e00000, 0x0000000082e00000, 0x0000000082f00000|  0%| F|  |TAMS 0x0000000082e00000, 0x0000000082e00000| Untracked 
|  19|0x0000000082f00000, 0x0000000082f00000, 0x0000000083000000|  0%| F|  |TAMS 0x0000000082f00000, 0x0000000082f00000| Untracked 
|  20|0x0000000083000000, 0x0000000083000000, 0x0000000083100000|  0%| F|  |TAMS 0x0000000083000000, 0x0000000083000000| Untracked 
|  21|0x0000000083100000, 0x0000000083100000, 0x0000000083200000|  0%| F|  |TAMS 0x0000000083100000, 0x0000000083100000| Untracked 
|  22|0x0000000083200000, 0x0000000083200000, 0x0000000083300000|  0%| F|  |TAMS 0x0000000083200000, 0x0000000083200000| Untracked 
|  23|0x0000000083300000, 0x0000000083300000, 0x0000000083400000|  0%| F|  |TAMS 0x0000000083300000, 0x0000000083300000| Untracked 
|  24|0x0000000083400000, 0x0000000083400000, 0x0000000083500000|  0%| F|  |TAMS 0x0000000083400000, 0x0000000083400000| Untracked 
|  25|0x0000000083500000, 0x0000000083500000, 0x0000000083600000|  0%| F|  |TAMS 0x0000000083500000, 0x0000000083500000| Untracked 
|  26|0x0000000083600000, 0x0000000083600000, 0x0000000083700000|  0%| F|  |TAMS 0x0000000083600000, 0x0000000083600000| Untracked 
|  27|0x0000000083700000, 0x0000000083700000, 0x0000000083800000|  0%| F|  |TAMS 0x0000000083700000, 0x0000000083700000| Untracked 
|  28|0x0000000083800000, 0x0000000083800000, 0x0000000083900000|  0%| F|  |TAMS 0x0000000083800000, 0x0000000083800000| Untracked 
|  29|0x0000000083900000, 0x0000000083900000, 0x0000000083a00000|  0%| F|  |TAMS 0x0000000083900000, 0x0000000083900000| Untracked 
|  30|0x0000000083a00000, 0x0000000083a00000, 0x0000000083b00000|  0%| F|  |TAMS 0x0000000083a00000, 0x0000000083a00000| Untracked 
|  31|0x0000000083b00000, 0x0000000083b00000, 0x0000000083c00000|  0%| F|  |TAMS 0x0000000083b00000, 0x0000000083b00000| Untracked 
|  32|0x0000000083c00000, 0x0000000083c00000, 0x0000000083d00000|  0%| F|  |TAMS 0x0000000083c00000, 0x0000000083c00000| Untracked 
|  33|0x0000000083d00000, 0x0000000083d00000, 0x0000000083e00000|  0%| F|  |TAMS 0x0000000083d00000, 0x0000000083d00000| Untracked 
|  34|0x0000000083e00000, 0x0000000083e00000, 0x0000000083f00000|  0%| F|  |TAMS 0x0000000083e00000, 0x0000000083e00000| Untracked 
|  35|0x0000000083f00000, 0x0000000083f00000, 0x0000000084000000|  0%| F|  |TAMS 0x0000000083f00000, 0x0000000083f00000| Untracked 
|  36|0x0000000084000000, 0x0000000084000000, 0x0000000084100000|  0%| F|  |TAMS 0x0000000084000000, 0x0000000084000000| Untracked 
|  37|0x0000000084100000, 0x0000000084100000, 0x0000000084200000|  0%| F|  |TAMS 0x0000000084100000, 0x0000000084100000| Untracked 
|  38|0x0000000084200000, 0x0000000084200000, 0x0000000084300000|  0%| F|  |TAMS 0x0000000084200000, 0x0000000084200000| Untracked 
|  39|0x0000000084300000, 0x0000000084300000, 0x0000000084400000|  0%| F|  |TAMS 0x0000000084300000, 0x0000000084300000| Untracked 
|  40|0x0000000084400000, 0x0000000084400000, 0x0000000084500000|  0%| F|  |TAMS 0x0000000084400000, 0x0000000084400000| Untracked 
|  41|0x0000000084500000, 0x0000000084500000, 0x0000000084600000|  0%| F|  |TAMS 0x0000000084500000, 0x0000000084500000| Untracked 
|  42|0x0000000084600000, 0x0000000084600000, 0x0000000084700000|  0%| F|  |TAMS 0x0000000084600000, 0x0000000084600000| Untracked 
|  43|0x0000000084700000, 0x0000000084700000, 0x0000000084800000|  0%| F|  |TAMS 0x0000000084700000, 0x0000000084700000| Untracked 
|  44|0x0000000084800000, 0x0000000084800000, 0x0000000084900000|  0%| F|  |TAMS 0x0000000084800000, 0x0000000084800000| Untracked 
|  45|0x0000000084900000, 0x0000000084900000, 0x0000000084a00000|  0%| F|  |TAMS 0x0000000084900000, 0x0000000084900000| Untracked 
|  46|0x0000000084a00000, 0x0000000084a00000, 0x0000000084b00000|  0%| F|  |TAMS 0x0000000084a00000, 0x0000000084a00000| Untracked 
|  47|0x0000000084b00000, 0x0000000084b00000, 0x0000000084c00000|  0%| F|  |TAMS 0x0000000084b00000, 0x0000000084b00000| Untracked 
|  48|0x0000000084c00000, 0x0000000084c00000, 0x0000000084d00000|  0%| F|  |TAMS 0x0000000084c00000, 0x0000000084c00000| Untracked 
|  49|0x0000000084d00000, 0x0000000084d00000, 0x0000000084e00000|  0%| F|  |TAMS 0x0000000084d00000, 0x0000000084d00000| Untracked 
|  50|0x0000000084e00000, 0x0000000084e00000, 0x0000000084f00000|  0%| F|  |TAMS 0x0000000084e00000, 0x0000000084e00000| Untracked 
|  51|0x0000000084f00000, 0x0000000084f00000, 0x0000000085000000|  0%| F|  |TAMS 0x0000000084f00000, 0x0000000084f00000| Untracked 
|  52|0x0000000085000000, 0x0000000085000000, 0x0000000085100000|  0%| F|  |TAMS 0x0000000085000000, 0x0000000085000000| Untracked 
|  53|0x0000000085100000, 0x0000000085100000, 0x0000000085200000|  0%| F|  |TAMS 0x0000000085100000, 0x0000000085100000| Untracked 
|  54|0x0000000085200000, 0x0000000085200000, 0x0000000085300000|  0%| F|  |TAMS 0x0000000085200000, 0x0000000085200000| Untracked 
|  55|0x0000000085300000, 0x0000000085300000, 0x0000000085400000|  0%| F|  |TAMS 0x0000000085300000, 0x0000000085300000| Untracked 
|  56|0x0000000085400000, 0x00000000854b5ff8, 0x0000000085500000| 71%| S|CS|TAMS 0x0000000085400000, 0x0000000085400000| Complete 
|  57|0x0000000085500000, 0x0000000085600000, 0x0000000085600000|100%| S|CS|TAMS 0x0000000085500000, 0x0000000085500000| Complete 
|  58|0x0000000085600000, 0x0000000085700000, 0x0000000085700000|100%| S|CS|TAMS 0x0000000085600000, 0x0000000085600000| Complete 
|  59|0x0000000085700000, 0x0000000085800000, 0x0000000085800000|100%| S|CS|TAMS 0x0000000085700000, 0x0000000085700000| Complete 
|  60|0x0000000085800000, 0x0000000085900000, 0x0000000085900000|100%| S|CS|TAMS 0x0000000085800000, 0x0000000085800000| Complete 
|  61|0x0000000085900000, 0x0000000085a00000, 0x0000000085a00000|100%| S|CS|TAMS 0x0000000085900000, 0x0000000085900000| Complete 
|  62|0x0000000085a00000, 0x0000000085a00000, 0x0000000085b00000|  0%| F|  |TAMS 0x0000000085a00000, 0x0000000085a00000| Untracked 
|  63|0x0000000085b00000, 0x0000000085b00000, 0x0000000085c00000|  0%| F|  |TAMS 0x0000000085b00000, 0x0000000085b00000| Untracked 
|  64|0x0000000085c00000, 0x0000000085c00000, 0x0000000085d00000|  0%| F|  |TAMS 0x0000000085c00000, 0x0000000085c00000| Untracked 
|  65|0x0000000085d00000, 0x0000000085d00000, 0x0000000085e00000|  0%| F|  |TAMS 0x0000000085d00000, 0x0000000085d00000| Untracked 
|  66|0x0000000085e00000, 0x0000000085e00000, 0x0000000085f00000|  0%| F|  |TAMS 0x0000000085e00000, 0x0000000085e00000| Untracked 
|  67|0x0000000085f00000, 0x0000000085f00000, 0x0000000086000000|  0%| F|  |TAMS 0x0000000085f00000, 0x0000000085f00000| Untracked 
|  68|0x0000000086000000, 0x0000000086000000, 0x0000000086100000|  0%| F|  |TAMS 0x0000000086000000, 0x0000000086000000| Untracked 
|  69|0x0000000086100000, 0x0000000086100000, 0x0000000086200000|  0%| F|  |TAMS 0x0000000086100000, 0x0000000086100000| Untracked 
|  70|0x0000000086200000, 0x0000000086200000, 0x0000000086300000|  0%| F|  |TAMS 0x0000000086200000, 0x0000000086200000| Untracked 
|  71|0x0000000086300000, 0x0000000086300000, 0x0000000086400000|  0%| F|  |TAMS 0x0000000086300000, 0x0000000086300000| Untracked 
|  72|0x0000000086400000, 0x0000000086400000, 0x0000000086500000|  0%| F|  |TAMS 0x0000000086400000, 0x0000000086400000| Untracked 
|  73|0x0000000086500000, 0x0000000086500000, 0x0000000086600000|  0%| F|  |TAMS 0x0000000086500000, 0x0000000086500000| Untracked 
|  74|0x0000000086600000, 0x0000000086600000, 0x0000000086700000|  0%| F|  |TAMS 0x0000000086600000, 0x0000000086600000| Untracked 
|  75|0x0000000086700000, 0x0000000086700000, 0x0000000086800000|  0%| F|  |TAMS 0x0000000086700000, 0x0000000086700000| Untracked 
|  76|0x0000000086800000, 0x0000000086800000, 0x0000000086900000|  0%| F|  |TAMS 0x0000000086800000, 0x0000000086800000| Untracked 
|  77|0x0000000086900000, 0x0000000086a00000, 0x0000000086a00000|100%| E|  |TAMS 0x0000000086900000, 0x0000000086900000| Complete 
|  78|0x0000000086a00000, 0x0000000086b00000, 0x0000000086b00000|100%| E|CS|TAMS 0x0000000086a00000, 0x0000000086a00000| Complete 
|  79|0x0000000086b00000, 0x0000000086c00000, 0x0000000086c00000|100%| E|CS|TAMS 0x0000000086b00000, 0x0000000086b00000| Complete 
|  80|0x0000000086c00000, 0x0000000086d00000, 0x0000000086d00000|100%| E|CS|TAMS 0x0000000086c00000, 0x0000000086c00000| Complete 
|  81|0x0000000086d00000, 0x0000000086e00000, 0x0000000086e00000|100%| E|CS|TAMS 0x0000000086d00000, 0x0000000086d00000| Complete 
|  82|0x0000000086e00000, 0x0000000086f00000, 0x0000000086f00000|100%| E|CS|TAMS 0x0000000086e00000, 0x0000000086e00000| Complete 
|  83|0x0000000086f00000, 0x0000000087000000, 0x0000000087000000|100%| E|CS|TAMS 0x0000000086f00000, 0x0000000086f00000| Complete 
|  84|0x0000000087000000, 0x0000000087100000, 0x0000000087100000|100%| E|CS|TAMS 0x0000000087000000, 0x0000000087000000| Complete 
|  85|0x0000000087100000, 0x0000000087200000, 0x0000000087200000|100%| E|CS|TAMS 0x0000000087100000, 0x0000000087100000| Complete 
|  86|0x0000000087200000, 0x0000000087300000, 0x0000000087300000|100%| E|CS|TAMS 0x0000000087200000, 0x0000000087200000| Complete 
|  87|0x0000000087300000, 0x0000000087400000, 0x0000000087400000|100%| E|CS|TAMS 0x0000000087300000, 0x0000000087300000| Complete 
|  88|0x0000000087400000, 0x0000000087500000, 0x0000000087500000|100%| E|CS|TAMS 0x0000000087400000, 0x0000000087400000| Complete 
|  89|0x0000000087500000, 0x0000000087600000, 0x0000000087600000|100%| E|CS|TAMS 0x0000000087500000, 0x0000000087500000| Complete 
|  90|0x0000000087600000, 0x0000000087700000, 0x0000000087700000|100%| E|CS|TAMS 0x0000000087600000, 0x0000000087600000| Complete 
|  91|0x0000000087700000, 0x0000000087800000, 0x0000000087800000|100%| E|CS|TAMS 0x0000000087700000, 0x0000000087700000| Complete 
|  92|0x0000000087800000, 0x0000000087900000, 0x0000000087900000|100%| E|CS|TAMS 0x0000000087800000, 0x0000000087800000| Complete 
|  93|0x0000000087900000, 0x0000000087a00000, 0x0000000087a00000|100%| E|CS|TAMS 0x0000000087900000, 0x0000000087900000| Complete 
|  94|0x0000000087a00000, 0x0000000087b00000, 0x0000000087b00000|100%| E|CS|TAMS 0x0000000087a00000, 0x0000000087a00000| Complete 
|  95|0x0000000087b00000, 0x0000000087c00000, 0x0000000087c00000|100%| E|CS|TAMS 0x0000000087b00000, 0x0000000087b00000| Complete 
|  96|0x0000000087c00000, 0x0000000087d00000, 0x0000000087d00000|100%| E|CS|TAMS 0x0000000087c00000, 0x0000000087c00000| Complete 
|  97|0x0000000087d00000, 0x0000000087e00000, 0x0000000087e00000|100%| E|CS|TAMS 0x0000000087d00000, 0x0000000087d00000| Complete 
|  98|0x0000000087e00000, 0x0000000087f00000, 0x0000000087f00000|100%| E|CS|TAMS 0x0000000087e00000, 0x0000000087e00000| Complete 
|  99|0x0000000087f00000, 0x0000000088000000, 0x0000000088000000|100%| E|CS|TAMS 0x0000000087f00000, 0x0000000087f00000| Complete 
| 100|0x0000000088000000, 0x0000000088100000, 0x0000000088100000|100%| E|  |TAMS 0x0000000088000000, 0x0000000088000000| Complete 
| 101|0x0000000088100000, 0x0000000088200000, 0x0000000088200000|100%| E|CS|TAMS 0x0000000088100000, 0x0000000088100000| Complete 
| 102|0x0000000088200000, 0x0000000088300000, 0x0000000088300000|100%| E|CS|TAMS 0x0000000088200000, 0x0000000088200000| Complete 
| 103|0x0000000088300000, 0x0000000088400000, 0x0000000088400000|100%| E|CS|TAMS 0x0000000088300000, 0x0000000088300000| Complete 
| 104|0x0000000088400000, 0x0000000088500000, 0x0000000088500000|100%| E|CS|TAMS 0x0000000088400000, 0x0000000088400000| Complete 
| 105|0x0000000088500000, 0x0000000088600000, 0x0000000088600000|100%| E|CS|TAMS 0x0000000088500000, 0x0000000088500000| Complete 
| 106|0x0000000088600000, 0x0000000088700000, 0x0000000088700000|100%| E|CS|TAMS 0x0000000088600000, 0x0000000088600000| Complete 
| 107|0x0000000088700000, 0x0000000088800000, 0x0000000088800000|100%| E|CS|TAMS 0x0000000088700000, 0x0000000088700000| Complete 
| 108|0x0000000088800000, 0x0000000088900000, 0x0000000088900000|100%| E|CS|TAMS 0x0000000088800000, 0x0000000088800000| Complete 
| 109|0x0000000088900000, 0x0000000088a00000, 0x0000000088a00000|100%| E|CS|TAMS 0x0000000088900000, 0x0000000088900000| Complete 
| 110|0x0000000088a00000, 0x0000000088b00000, 0x0000000088b00000|100%| E|CS|TAMS 0x0000000088a00000, 0x0000000088a00000| Complete 
| 111|0x0000000088b00000, 0x0000000088c00000, 0x0000000088c00000|100%| E|CS|TAMS 0x0000000088b00000, 0x0000000088b00000| Complete 
| 112|0x0000000088c00000, 0x0000000088d00000, 0x0000000088d00000|100%| E|CS|TAMS 0x0000000088c00000, 0x0000000088c00000| Complete 
| 113|0x0000000088d00000, 0x0000000088e00000, 0x0000000088e00000|100%| E|CS|TAMS 0x0000000088d00000, 0x0000000088d00000| Complete 
| 114|0x0000000088e00000, 0x0000000088f00000, 0x0000000088f00000|100%| E|CS|TAMS 0x0000000088e00000, 0x0000000088e00000| Complete 
| 115|0x0000000088f00000, 0x0000000089000000, 0x0000000089000000|100%| E|CS|TAMS 0x0000000088f00000, 0x0000000088f00000| Complete 
| 116|0x0000000089000000, 0x0000000089100000, 0x0000000089100000|100%| E|CS|TAMS 0x0000000089000000, 0x0000000089000000| Complete 
| 117|0x0000000089100000, 0x0000000089200000, 0x0000000089200000|100%| E|CS|TAMS 0x0000000089100000, 0x0000000089100000| Complete 
| 118|0x0000000089200000, 0x0000000089300000, 0x0000000089300000|100%| E|CS|TAMS 0x0000000089200000, 0x0000000089200000| Complete 
| 119|0x0000000089300000, 0x0000000089400000, 0x0000000089400000|100%| E|CS|TAMS 0x0000000089300000, 0x0000000089300000| Complete 
| 120|0x0000000089400000, 0x0000000089500000, 0x0000000089500000|100%| E|CS|TAMS 0x0000000089400000, 0x0000000089400000| Complete 
| 121|0x0000000089500000, 0x0000000089600000, 0x0000000089600000|100%| E|CS|TAMS 0x0000000089500000, 0x0000000089500000| Complete 
| 122|0x0000000089600000, 0x0000000089700000, 0x0000000089700000|100%| E|CS|TAMS 0x0000000089600000, 0x0000000089600000| Complete 
| 123|0x0000000089700000, 0x0000000089800000, 0x0000000089800000|100%| E|CS|TAMS 0x0000000089700000, 0x0000000089700000| Complete 
| 124|0x0000000089800000, 0x0000000089900000, 0x0000000089900000|100%| E|CS|TAMS 0x0000000089800000, 0x0000000089800000| Complete 
| 125|0x0000000089900000, 0x0000000089a00000, 0x0000000089a00000|100%| E|CS|TAMS 0x0000000089900000, 0x0000000089900000| Complete 
| 126|0x0000000089a00000, 0x0000000089b00000, 0x0000000089b00000|100%| E|CS|TAMS 0x0000000089a00000, 0x0000000089a00000| Complete 
| 127|0x0000000089b00000, 0x0000000089c00000, 0x0000000089c00000|100%| E|CS|TAMS 0x0000000089b00000, 0x0000000089b00000| Complete 

Card table byte_map: [0x000001e36f8a0000,0x000001e36fca0000] _byte_map_base: 0x000001e36f492000

Marking Bits (Prev, Next): (CMBitMap*) 0x000001e358b05740, (CMBitMap*) 0x000001e358b05708
 Prev Bits: [0x000001e372030000, 0x000001e373fc0000)
 Next Bits: [0x000001e3700a0000, 0x000001e372030000)

Polling page: 0x000001e3582a0000

Metaspace:

Usage:
  Non-class:     24.92 MB capacity,    24.68 MB (>99%) used,   209.52 KB ( <1%) free+waste,    39.44 KB ( <1%) overhead. 
      Class:      2.92 MB capacity,     2.77 MB ( 95%) used,   139.54 KB (  5%) free+waste,    17.19 KB ( <1%) overhead. 
       Both:     27.85 MB capacity,    27.45 MB ( 99%) used,   349.05 KB (  1%) free+waste,    56.63 KB ( <1%) overhead. 

Virtual space:
  Non-class space:       26.00 MB reserved,      25.00 MB ( 96%) committed 
      Class space:        1.00 GB reserved,       3.00 MB ( <1%) committed 
             Both:        1.03 GB reserved,      28.00 MB (  3%) committed 

Chunk freelists:
   Non-Class:  2.13 KB
       Class:  1.63 KB
        Both:  3.75 KB

CodeHeap 'non-profiled nmethods': size=120000Kb used=2011Kb max_used=2011Kb free=117988Kb
 bounds [0x000001e367c40000, 0x000001e367eb0000, 0x000001e36f170000]
CodeHeap 'profiled nmethods': size=120000Kb used=6685Kb max_used=6685Kb free=113314Kb
 bounds [0x000001e360710000, 0x000001e360da0000, 0x000001e367c40000]
CodeHeap 'non-nmethods': size=5760Kb used=1523Kb max_used=1553Kb free=4237Kb
 bounds [0x000001e360170000, 0x000001e3603e0000, 0x000001e360710000]
 total_blobs=4312 nmethods=3237 adapters=986
 compilation: enabled
              stopped_count=0, restarted_count=0
 full_count=0

Compilation events (10 events):
Event: 93.911 Thread 0x000001e376a32800 nmethod 3262 0x000001e367e2f790 code [0x000001e367e2fc60, 0x000001e367e325d0]
Event: 99.547 Thread 0x000001e376a32800 3263       4       com.watabou.noosa.SkinnedBlock::updateFrame (295 bytes)
Event: 99.553 Thread 0x000001e376a32800 nmethod 3263 0x000001e367e34890 code [0x000001e367e34a40, 0x000001e367e34cb8]
Event: 100.862 Thread 0x000001e376a32800 3264   !   4       com.badlogic.gdx.InputEventQueue::drain (379 bytes)
Event: 100.883 Thread 0x000001e376a32800 nmethod 3264 0x000001e367e34e90 code [0x000001e367e350c0, 0x000001e367e35ab0]
Event: 100.883 Thread 0x000001e376a32800 3265       4       com.badlogic.gdx.backends.lwjgl3.Lwjgl3Window::makeCurrent (72 bytes)
Event: 100.892 Thread 0x000001e376a32800 nmethod 3265 0x000001e367e36090 code [0x000001e367e36220, 0x000001e367e36708]
Event: 100.895 Thread 0x000001e376a32800 3266       4       com.badlogic.gdx.backends.lwjgl3.DefaultLwjgl3Input::prepareNext (83 bytes)
Event: 100.910 Thread 0x000001e376a32800 nmethod 3266 0x000001e367e36890 code [0x000001e367e36a20, 0x000001e367e36c78]
Event: 100.910 Thread 0x000001e376a32800 3267   !   4       com.badlogic.gdx.backends.lwjgl3.Lwjgl3Window::update (217 bytes)

GC Heap History (4 events):
Event: 5.506 GC heap before
{Heap before GC invocations=0 (full 0):
 garbage-first heap   total 131072K, used 23552K [0x0000000081c00000, 0x0000000100000000)
  region size 1024K, 24 young (24576K), 0 survivors (0K)
 Metaspace       used 11400K, capacity 11494K, committed 11776K, reserved 1060864K
  class space    used 881K, capacity 923K, committed 1024K, reserved 1048576K
}
Event: 5.512 GC heap after
{Heap after GC invocations=1 (full 0):
 garbage-first heap   total 131072K, used 2683K [0x0000000081c00000, 0x0000000100000000)
  region size 1024K, 3 young (3072K), 3 survivors (3072K)
 Metaspace       used 11400K, capacity 11494K, committed 11776K, reserved 1060864K
  class space    used 881K, capacity 923K, committed 1024K, reserved 1048576K
}
Event: 9.362 GC heap before
{Heap before GC invocations=1 (full 0):
 garbage-first heap   total 131072K, used 66171K [0x0000000081c00000, 0x0000000100000000)
  region size 1024K, 66 young (67584K), 3 survivors (3072K)
 Metaspace       used 20873K, capacity 21113K, committed 21248K, reserved 1069056K
  class space    used 1843K, capacity 1933K, committed 2048K, reserved 1048576K
}
Event: 9.385 GC heap after
{Heap after GC invocations=2 (full 0):
 garbage-first heap   total 131072K, used 5847K [0x0000000081c00000, 0x0000000100000000)
  region size 1024K, 6 young (6144K), 6 survivors (6144K)
 Metaspace       used 20873K, capacity 21113K, committed 21248K, reserved 1069056K
  class space    used 1843K, capacity 1933K, committed 2048K, reserved 1048576K
}

Deoptimization events (10 events):
Event: 34.080 Thread 0x000001e358ac6800 Uncommon trap: reason=unstable_if action=reinterpret pc=0x000001e367dc0a60 method=com.watabou.glwrap.Vertexbuffer.updateGLData()V @ 29 c2
Event: 34.080 Thread 0x000001e358ac6800 Uncommon trap: reason=unstable_if action=reinterpret pc=0x000001e367d9f020 method=com.watabou.glwrap.Vertexbuffer.updateGLData()V @ 29 c2
Event: 36.408 Thread 0x000001e358ac6800 Uncommon trap: reason=unstable_if action=reinterpret pc=0x000001e367df51f4 method=com.shatteredpixel.shatteredpixeldungeon.ui.CharHealthIndicator.update()V @ 31 c2
Event: 36.408 Thread 0x000001e358ac6800 Uncommon trap: reason=unstable_if action=reinterpret pc=0x000001e367dfbe84 method=com.shatteredpixel.shatteredpixeldungeon.effects.EmoIcon.update()V @ 8 c2
Event: 36.422 Thread 0x000001e358ac6800 Uncommon trap: reason=unstable_if action=reinterpret pc=0x000001e367dad010 method=com.watabou.noosa.Visual.isVisible()Z @ 107 c2
Event: 37.424 Thread 0x000001e358ac6800 Uncommon trap: reason=unstable_if action=reinterpret pc=0x000001e367df4404 method=com.shatteredpixel.shatteredpixeldungeon.sprites.MobSprite.update()V @ 38 c2
Event: 37.523 Thread 0x000001e358ac6800 Uncommon trap: reason=unstable_if action=reinterpret pc=0x000001e367df31e4 method=com.shatteredpixel.shatteredpixeldungeon.sprites.CharSprite.update()V @ 4 c2
Event: 37.523 Thread 0x000001e358ac6800 Uncommon trap: reason=unstable_if action=reinterpret pc=0x000001e367df0598 method=com.watabou.noosa.MovieClip.update()V @ 8 c2
Event: 41.087 Thread 0x000001e358ac6800 Uncommon trap: reason=unstable_if action=reinterpret pc=0x000001e367de9ddc method=com.shatteredpixel.shatteredpixeldungeon.actors.Char.isAlive()Z @ 4 c2
Event: 41.355 Thread 0x000001e358ac6800 Uncommon trap: reason=unstable_if action=reinterpret pc=0x000001e367df155c method=com.watabou.noosa.MovieClip.updateAnimation()V @ 33 c2

Classes redefined (0 events):
No events

Internal exceptions (10 events):
Event: 8.235 Thread 0x000001e358ac6800 Exception <a 'java/lang/NoSuchMethodError'{0x0000000086cf7848}: java.lang.invoke.DirectMethodHandle$Holder.invokeStaticInit(Ljava/lang/Object;Ljava/lang/Object;)V> (0x0000000086cf7848) thrown at [./open/src/hotspot/share/interpreter/linkResolver.cpp, line
Event: 8.245 Thread 0x000001e358ac6800 Exception <a 'java/lang/NoSuchMethodError'{0x0000000086cfd168}: java.lang.invoke.DirectMethodHandle$Holder.invokeStaticInit(Ljava/lang/Object;Ljava/lang/Object;)I> (0x0000000086cfd168) thrown at [./open/src/hotspot/share/interpreter/linkResolver.cpp, line
Event: 8.911 Thread 0x000001e358ac6800 Exception <a 'java/io/FileNotFoundException'{0x0000000085f6a450}> (0x0000000085f6a450) thrown at [./open/src/hotspot/share/prims/jni.cpp, line 611]
Event: 8.919 Thread 0x000001e358ac6800 Exception <a 'java/io/FileNotFoundException'{0x0000000085f73390}> (0x0000000085f73390) thrown at [./open/src/hotspot/share/prims/jni.cpp, line 611]
Event: 9.903 Thread 0x000001e303110000 Implicit null exception at 0x000001e367cdd88c to 0x000001e367cdda3a
Event: 9.903 Thread 0x000001e377d27800 Implicit null exception at 0x000001e367cdd88c to 0x000001e367cdda3a
Event: 12.541 Thread 0x000001e358ac6800 Implicit null exception at 0x000001e367d43b5e to 0x000001e367d43f5c
Event: 14.538 Thread 0x000001e303cda000 Exception <a 'java/io/FileNotFoundException'{0x000000008758c098}> (0x000000008758c098) thrown at [./open/src/hotspot/share/prims/jni.cpp, line 611]
Event: 15.877 Thread 0x000001e358ac6800 Implicit null exception at 0x000001e367d86a6a to 0x000001e367d86dc8
Event: 15.893 Thread 0x000001e358ac6800 Implicit null exception at 0x000001e367dad5c6 to 0x000001e367dad8ec

Events (10 events):
Event: 70.393 Thread 0x000001e303110000 Thread exited: 0x000001e303110000
Event: 70.404 Executing VM operation: RevokeBias
Event: 70.404 Executing VM operation: RevokeBias done
Event: 70.404 Thread 0x000001e377d27800 Thread exited: 0x000001e377d27800
Event: 71.240 Thread 0x000001e358ac6800 DEOPT PACKING pc=0x000001e360cb3223 sp=0x000000cb91efe950
Event: 71.240 Thread 0x000001e358ac6800 DEOPT UNPACKING pc=0x000001e360196dde sp=0x000000cb91efddd8 mode 0
Event: 71.342 Executing VM operation: RevokeBias
Event: 71.342 Executing VM operation: RevokeBias done
Event: 71.342 Thread 0x000001e3778d1000 Thread exited: 0x000001e3778d1000
Event: 71.343 Thread 0x000001e3037cc000 Thread exited: 0x000001e3037cc000


Dynamic libraries:
0x00007ff7d72c0000 - 0x00007ff7d72cf000 	C:\Program Files\Java\jdk-11.0.15.1\bin\java.exe
0x00007ff8c21b0000 - 0x00007ff8c23a7000 	C:\WINDOWS\SYSTEM32\ntdll.dll
0x00007ff8c0450000 - 0x00007ff8c050d000 	C:\WINDOWS\System32\KERNEL32.DLL
0x00007ff8bf8d0000 - 0x00007ff8bfb9d000 	C:\WINDOWS\System32\KERNELBASE.dll
0x00007ff8c0110000 - 0x00007ff8c0210000 	C:\WINDOWS\System32\ucrtbase.dll
0x00007ff8a40b0000 - 0x00007ff8a40c5000 	C:\Program Files\Java\jdk-11.0.15.1\bin\VCRUNTIME140.dll
0x00007ff8a4090000 - 0x00007ff8a40a8000 	C:\Program Files\Java\jdk-11.0.15.1\bin\jli.dll
0x00007ff8c1550000 - 0x00007ff8c15fe000 	C:\WINDOWS\System32\ADVAPI32.dll
0x00007ff8c0640000 - 0x00007ff8c06de000 	C:\WINDOWS\System32\msvcrt.dll
0x00007ff8c09f0000 - 0x00007ff8c0a8c000 	C:\WINDOWS\System32\sechost.dll
0x00007ff8c0510000 - 0x00007ff8c0635000 	C:\WINDOWS\System32\RPCRT4.dll
0x00007ff8c0210000 - 0x00007ff8c03b0000 	C:\WINDOWS\System32\USER32.dll
0x00007ff8a6340000 - 0x00007ff8a65da000 	C:\WINDOWS\WinSxS\amd64_microsoft.windows.common-controls_6595b64144ccf1df_6.0.19041.1110_none_60b5254171f9507e\COMCTL32.dll
0x00007ff8c00e0000 - 0x00007ff8c0102000 	C:\WINDOWS\System32\win32u.dll
0x00007ff8c09c0000 - 0x00007ff8c09ea000 	C:\WINDOWS\System32\GDI32.dll
0x00007ff8bfba0000 - 0x00007ff8bfcab000 	C:\WINDOWS\System32\gdi32full.dll
0x00007ff8c0040000 - 0x00007ff8c00dd000 	C:\WINDOWS\System32\msvcp_win.dll
0x00007ff8b5e30000 - 0x00007ff8b5e3a000 	C:\WINDOWS\SYSTEM32\VERSION.dll
0x00007ff8c0b20000 - 0x00007ff8c0b50000 	C:\WINDOWS\System32\IMM32.DLL
0x00007ff86f130000 - 0x00007ff86f1cb000 	C:\Program Files\Java\jdk-11.0.15.1\bin\msvcp140.dll
0x00007ff832ec0000 - 0x00007ff8339d6000 	C:\Program Files\Java\jdk-11.0.15.1\bin\server\jvm.dll
0x00007ff8c0b10000 - 0x00007ff8c0b18000 	C:\WINDOWS\System32\PSAPI.DLL
0x00007ff8a35b0000 - 0x00007ff8a35d7000 	C:\WINDOWS\SYSTEM32\WINMM.dll
0x00007ff8a1f40000 - 0x00007ff8a1f49000 	C:\WINDOWS\SYSTEM32\WSOCK32.dll
0x00007ff8c0c80000 - 0x00007ff8c0ceb000 	C:\WINDOWS\System32\WS2_32.dll
0x00007ff8bd7d0000 - 0x00007ff8bd7e2000 	C:\WINDOWS\SYSTEM32\kernel.appcore.dll
0x00007ff8b7f50000 - 0x00007ff8b7f60000 	C:\Program Files\Java\jdk-11.0.15.1\bin\verify.dll
0x00007ff8b9fc0000 - 0x00007ff8ba1a4000 	C:\WINDOWS\SYSTEM32\DBGHELP.DLL
0x00007ff89da90000 - 0x00007ff89dabc000 	C:\WINDOWS\SYSTEM32\dbgcore.DLL
0x00007ff8bfde0000 - 0x00007ff8bfe62000 	C:\WINDOWS\System32\bcryptPrimitives.dll
0x00007ff8a3f10000 - 0x00007ff8a3f38000 	C:\Program Files\Java\jdk-11.0.15.1\bin\java.dll
0x00007ff8b6550000 - 0x00007ff8b655a000 	C:\Program Files\Java\jdk-11.0.15.1\bin\jimage.dll
0x00007ff88fd50000 - 0x00007ff88fd66000 	C:\Program Files\Java\jdk-11.0.15.1\bin\zip.dll
0x00007ff8c1600000 - 0x00007ff8c1d44000 	C:\WINDOWS\System32\SHELL32.dll
0x00007ff8bd9d0000 - 0x00007ff8be164000 	C:\WINDOWS\SYSTEM32\windows.storage.dll
0x00007ff8c1d50000 - 0x00007ff8c20a4000 	C:\WINDOWS\System32\combase.dll
0x00007ff8bf260000 - 0x00007ff8bf28c000 	C:\WINDOWS\SYSTEM32\Wldp.dll
0x00007ff8c0e10000 - 0x00007ff8c0ebd000 	C:\WINDOWS\System32\SHCORE.dll
0x00007ff8c1070000 - 0x00007ff8c10c5000 	C:\WINDOWS\System32\shlwapi.dll
0x00007ff8bf810000 - 0x00007ff8bf82f000 	C:\WINDOWS\SYSTEM32\profapi.dll
0x00007ff88f230000 - 0x00007ff88f249000 	C:\Program Files\Java\jdk-11.0.15.1\bin\net.dll
0x00007ff8ad380000 - 0x00007ff8ad48a000 	C:\WINDOWS\SYSTEM32\WINHTTP.dll
0x00007ff8befc0000 - 0x00007ff8bf02a000 	C:\WINDOWS\system32\mswsock.dll
0x00007ff88f060000 - 0x00007ff88f072000 	C:\Program Files\Java\jdk-11.0.15.1\bin\nio.dll
0x000000006e700000 - 0x000000006e72a000 	C:\Users\ASUS\AppData\Local\Temp\libgdxASUS\e1cd32f8\gdx64.dll
0x00007ff8a4620000 - 0x00007ff8a4684000 	C:\Users\ASUS\AppData\Local\Temp\lwjglASUS\3.2.3-build-13\lwjgl.dll
0x00007ff8789e0000 - 0x00007ff878c33000 	C:\Users\ASUS\AppData\Local\Temp\lwjglASUS\3.2.3-build-13\jemalloc.dll
0x00007ff88ed60000 - 0x00007ff88edc2000 	C:\Users\ASUS\AppData\Local\Temp\lwjglASUS\3.2.3-build-13\glfw.dll
0x00007ff8ba1b0000 - 0x00007ff8ba24e000 	C:\WINDOWS\system32\uxtheme.dll
0x00007ff8aab40000 - 0x00007ff8aab85000 	C:\WINDOWS\SYSTEM32\dinput8.dll
0x00007ff8b7230000 - 0x00007ff8b7241000 	C:\WINDOWS\SYSTEM32\xinput1_4.dll
0x00007ff8bfce0000 - 0x00007ff8bfd2e000 	C:\WINDOWS\System32\cfgmgr32.dll
0x00007ff8bf5b0000 - 0x00007ff8bf5dc000 	C:\WINDOWS\SYSTEM32\DEVOBJ.dll
0x00007ff8bd4e0000 - 0x00007ff8bd50f000 	C:\WINDOWS\SYSTEM32\dwmapi.dll
0x00007ff8a9fb0000 - 0x00007ff8aa102000 	C:\WINDOWS\SYSTEM32\inputhost.dll
0x00007ff8c0890000 - 0x00007ff8c095d000 	C:\WINDOWS\System32\OLEAUT32.dll
0x00007ff8b8090000 - 0x00007ff8b8186000 	C:\WINDOWS\SYSTEM32\PROPSYS.dll
0x00007ff8b8fe0000 - 0x00007ff8b9134000 	C:\WINDOWS\SYSTEM32\wintypes.dll
0x00007ff8b9a10000 - 0x00007ff8b9b02000 	C:\WINDOWS\SYSTEM32\CoreMessaging.dll
0x00007ff8b96b0000 - 0x00007ff8b9a0e000 	C:\WINDOWS\SYSTEM32\CoreUIComponents.dll
0x00007ff8be5d0000 - 0x00007ff8be603000 	C:\WINDOWS\SYSTEM32\ntmarta.dll
0x00007ff8c0cf0000 - 0x00007ff8c0e05000 	C:\WINDOWS\System32\MSCTF.dll
0x00007ff8be170000 - 0x00007ff8be17d000 	C:\WINDOWS\SYSTEM32\HID.DLL
0x00007ff8c10e0000 - 0x00007ff8c154f000 	C:\WINDOWS\System32\SETUPAPI.DLL
0x00007ff8bfcb0000 - 0x00007ff8bfcd7000 	C:\WINDOWS\System32\bcrypt.dll
0x00007ff8bffd0000 - 0x00007ff8c0037000 	C:\WINDOWS\System32\WINTRUST.dll
0x00007ff8bfe70000 - 0x00007ff8bffc6000 	C:\WINDOWS\System32\CRYPT32.dll
0x00007ff8bf3f0000 - 0x00007ff8bf402000 	C:\WINDOWS\SYSTEM32\MSASN1.dll
0x00007ff88e600000 - 0x00007ff88e70b000 	C:\Users\ASUS\AppData\Local\Temp\lwjglASUS\3.2.3-build-13\OpenAL.dll
0x00007ff8c0b50000 - 0x00007ff8c0c7a000 	C:\WINDOWS\System32\ole32.dll
0x00007ff8c0ee0000 - 0x00007ff8c0f89000 	C:\WINDOWS\System32\clbcatq.dll
0x00007ff8a68f0000 - 0x00007ff8a6975000 	C:\WINDOWS\System32\MMDevApi.dll
0x00007ff897b30000 - 0x00007ff897cb2000 	C:\WINDOWS\SYSTEM32\AUDIOSES.DLL
0x00007ff8bf740000 - 0x00007ff8bf78b000 	C:\WINDOWS\SYSTEM32\powrprof.dll
0x00007ff8bf720000 - 0x00007ff8bf732000 	C:\WINDOWS\SYSTEM32\UMPDC.dll
0x00007ff8ba2a0000 - 0x00007ff8ba2b4000 	C:\WINDOWS\SYSTEM32\resourcepolicyclient.dll
0x00007ff887520000 - 0x00007ff887646000 	C:\WINDOWS\SYSTEM32\opengl32.dll
0x00007ff887ce0000 - 0x00007ff887d0c000 	C:\WINDOWS\SYSTEM32\GLU32.dll
0x00007ff8b6440000 - 0x00007ff8b6537000 	C:\Windows\System32\AppXDeploymentClient.dll
0x00007ff86b550000 - 0x00007ff86c46a000 	C:\WINDOWS\System32\DriverStore\FileRepository\iigd_dch.inf_amd64_a2d86d775f73d911\ig9icd64.dll
0x00007ff8be1d0000 - 0x00007ff8be2c3000 	C:\WINDOWS\system32\dxgi.dll
0x00007ff8b3b10000 - 0x00007ff8b3b4b000 	C:\WINDOWS\SYSTEM32\dxcore.dll
0x00007ff8ad5e0000 - 0x00007ff8afa29000 	C:\WINDOWS\System32\DriverStore\FileRepository\iigd_dch.inf_amd64_a2d86d775f73d911\igc64.dll
0x00007ff8afa30000 - 0x00007ff8afbd4000 	C:\WINDOWS\System32\DriverStore\FileRepository\iigd_dch.inf_amd64_a2d86d775f73d911\igdgmm64.dll
0x00007ff8aa110000 - 0x00007ff8aa209000 	C:\WINDOWS\SYSTEM32\textinputframework.dll
0x00007ff8b7870000 - 0x00007ff8b791e000 	C:\WINDOWS\SYSTEM32\mscms.dll
0x00007ff8bf790000 - 0x00007ff8bf7be000 	C:\WINDOWS\SYSTEM32\USERENV.dll
0x00007ff8b7820000 - 0x00007ff8b7831000 	C:\WINDOWS\SYSTEM32\ColorAdapterClient.dll
0x00007ff8a5ff0000 - 0x00007ff8a6033000 	C:\WINDOWS\SYSTEM32\icm32.dll
0x00007ff88ed00000 - 0x00007ff88ed59000 	C:\Users\ASUS\AppData\Local\Temp\lwjglASUS\3.2.3-build-13\lwjgl_opengl.dll
0x000000006fc20000 - 0x000000006fd49000 	C:\Users\ASUS\AppData\Local\Temp\libgdxASUS\e5b14fd\jamepad64.dll
0x00007ff8bf1b0000 - 0x00007ff8bf1c8000 	C:\WINDOWS\SYSTEM32\CRYPTSP.dll
0x00007ff8be940000 - 0x00007ff8be974000 	C:\WINDOWS\system32\rsaenh.dll
0x00007ff8bf1d0000 - 0x00007ff8bf1dc000 	C:\WINDOWS\SYSTEM32\CRYPTBASE.dll
0x00007ff8becb0000 - 0x00007ff8beceb000 	C:\WINDOWS\SYSTEM32\IPHLPAPI.DLL
0x00007ff8c10d0000 - 0x00007ff8c10d8000 	C:\WINDOWS\System32\NSI.dll
0x00007ff8b3cd0000 - 0x00007ff8b3ce7000 	C:\WINDOWS\SYSTEM32\dhcpcsvc6.DLL
0x00007ff8b3c90000 - 0x00007ff8b3cad000 	C:\WINDOWS\SYSTEM32\dhcpcsvc.DLL
0x00007ff8becf0000 - 0x00007ff8bedbb000 	C:\WINDOWS\SYSTEM32\DNSAPI.dll
0x000000006a340000 - 0x000000006a3eb000 	C:\Users\ASUS\AppData\Local\Temp\libgdxASUS\ad089354\gdx-freetype64.dll
0x00007ff8b65b0000 - 0x00007ff8b65d5000 	C:\Program Files\Java\jdk-11.0.15.1\bin\sunec.dll
0x00007ff8ac630000 - 0x00007ff8ac63a000 	C:\Windows\System32\rasadhlp.dll
0x00007ff8ac550000 - 0x00007ff8ac5d0000 	C:\WINDOWS\System32\fwpuclnt.dll
0x00007ff8b9c70000 - 0x00007ff8b9c7d000 	C:\Program Files\Java\jdk-11.0.15.1\bin\sunmscapi.dll
0x00007ff8bf2d0000 - 0x00007ff8bf2f7000 	C:\WINDOWS\SYSTEM32\ncrypt.dll
0x00007ff8bf290000 - 0x00007ff8bf2cb000 	C:\WINDOWS\SYSTEM32\NTASN1.dll

dbghelp: loaded successfully - version: 4.0.5 - missing functions: none
symbol engine: initialized successfully - sym options: 0x614 - pdb path: .;C:\Program Files\Java\jdk-11.0.15.1\bin;C:\WINDOWS\SYSTEM32;C:\WINDOWS\WinSxS\amd64_microsoft.windows.common-controls_6595b64144ccf1df_6.0.19041.1110_none_60b5254171f9507e;C:\Program Files\Java\jdk-11.0.15.1\bin\server;C:\Users\ASUS\AppData\Local\Temp\libgdxASUS\e1cd32f8;C:\Users\ASUS\AppData\Local\Temp\lwjglASUS\3.2.3-build-13;C:\WINDOWS\System32\DriverStore\FileRepository\iigd_dch.inf_amd64_a2d86d775f73d911;C:\Users\ASUS\AppData\Local\Temp\libgdxASUS\e5b14fd;C:\Users\ASUS\AppData\Local\Temp\libgdxASUS\ad089354

VM Arguments:
jvm_args: -DImplementation-Version=628 -DSpecification-Title=Gensokyo Pixel Dungeon -DSpecification-Version=1.2.3-INDEV -Dfile.encoding=UTF-8 -Duser.country=US -Duser.language=en -Duser.variant 
java_command: com.shatteredpixel.shatteredpixeldungeon.desktop.DesktopLauncher
java_class_path (initial): C:\Users\ASUS\Desktop\Github Project\Shattered-touhou-pixel-dungeon\desktop\build\classes\java\main;C:\Users\ASUS\Desktop\Github Project\Shattered-touhou-pixel-dungeon\desktop\build\resources\main;C:\Users\ASUS\Desktop\Github Project\Shattered-touhou-pixel-dungeon\core\build\libs\core-1.2.3.jar;C:\Users\ASUS\Desktop\Github Project\Shattered-touhou-pixel-dungeon\services\updates\githubUpdates\build\libs\githubUpdates-1.2.3.jar;C:\Users\ASUS\Desktop\Github Project\Shattered-touhou-pixel-dungeon\services\news\shatteredNews\build\libs\shatteredNews-1.2.3.jar;C:\Users\ASUS\Desktop\Github Project\Shattered-touhou-pixel-dungeon\SPD-classes\build\libs\SPD-classes-1.2.3.jar;C:\Users\ASUS\.gradle\caches\modules-2\files-2.1\com.badlogicgames.gdx\gdx-freetype\1.10.0\de1d0d5c1e92e8d91364256fd6b7bb279d3e9859\gdx-freetype-1.10.0.jar;C:\Users\ASUS\.gradle\caches\modules-2\files-2.1\com.badlogicgames.gdx\gdx-backend-lwjgl3\1.10.0\600c7d5b2c977daa82c4abad147087b31e0ada87\gdx-backend-lwjgl3-1.10.0.jar;C:\Users\ASUS\.gradle\caches\modules-2\files-2.1\com.badlogicgames.gdx\gdx-platform\1.10.0\9a8fa793d2fd6d360afc6c9e4c1f5583da263b88\gdx-platform-1.10.0-natives-desktop.jar;C:\Users\ASUS\.gradle\caches\modules-2\files-2.1\com.badlogicgames.gdx\gdx-freetype-platform\1.10.0\6e5d28752759e69384f12e4569d2c884ff71352f\gdx-freetype-platform-1.10.0-natives-desktop.jar;C:\Users\ASUS\.gradle\caches\modules-2\files-2.1\com.badlogicgames.gdx-controllers\gdx-controllers-desktop\2.2.1\cb3430c32468a090eca54d494d16bb3764ceff9b\gdx-controllers-desktop-2.2.1.jar;C:\Users\ASUS\.gradle\caches\modules-2\files-2.1\org.lwjgl\lwjgl-tinyfd\3.2.3\d5edf89c7b6ca1ea20865a6ba0a09bfc5efb29c1\lwjgl-tinyfd-3.2.3.jar;C:\Users\ASUS\.gradle\caches\modules-2\files-2.1\org.lwjgl\lwjgl-tinyfd\3.2.3\d7d0760c9c904e7810fef96449ae03f33d4caee0\lwjgl-tinyfd-3.2.3-natives-windows.jar;C:\Users\ASUS\.gradle\caches\modules-2\files-2.1\org.lwjgl\lwjgl-tinyfd\3.2.3\7cb8ad521749516ab87b47d737399845f1649eee\lwjg
Launcher Type: SUN_STANDARD

[Global flags]
     intx CICompilerCount                          = 4                                         {product} {ergonomic}
     uint ConcGCThreads                            = 2                                         {product} {ergonomic}
     uint G1ConcRefinementThreads                  = 8                                         {product} {ergonomic}
   size_t G1HeapRegionSize                         = 1048576                                   {product} {ergonomic}
    uintx GCDrainStackTargetSize                   = 64                                        {product} {ergonomic}
   size_t InitialHeapSize                          = 134217728                                 {product} {ergonomic}
   size_t MarkStackSize                            = 4194304                                   {product} {ergonomic}
   size_t MaxHeapSize                              = 2118123520                                {product} {ergonomic}
   size_t MaxNewSize                               = 1270874112                                {product} {ergonomic}
   size_t MinHeapDeltaBytes                        = 1048576                                   {product} {ergonomic}
    uintx NonNMethodCodeHeapSize                   = 5836300                                {pd product} {ergonomic}
    uintx NonProfiledCodeHeapSize                  = 122910970                              {pd product} {ergonomic}
    uintx ProfiledCodeHeapSize                     = 122910970                              {pd product} {ergonomic}
    uintx ReservedCodeCacheSize                    = 251658240                              {pd product} {ergonomic}
     bool SegmentedCodeCache                       = true                                      {product} {ergonomic}
     bool UseCompressedClassPointers               = true                                 {lp64_product} {ergonomic}
     bool UseCompressedOops                        = true                                 {lp64_product} {ergonomic}
     bool UseG1GC                                  = true                                      {product} {ergonomic}
     bool UseLargePagesIndividualAllocation        = false                                  {pd product} {ergonomic}

Logging:
Log output configuration:
 #0: stdout all=warning uptime,level,tags
 #1: stderr all=off uptime,level,tags

Environment Variables:
JAVA_HOME=C:\Program Files\Java\jdk-11.0.15.1
JRE_HOME=C:\Program Files\Java\jre1.8.0_333
CLASSPATH=C:\Users\ASUS\Desktop\Github Project\Shattered-touhou-pixel-dungeon\\gradle\wrapper\gradle-wrapper.jar
PATH=C:\Program Files\Common Files\Oracle\Java\javapath;C:\Program Files (x86)\Common Files\Oracle\Java\javapath;D:\app\oracle\product\19c\db_home1\bin;C:\WINDOWS\system32;C:\WINDOWS;C:\WINDOWS\System32\Wbem;C:\WINDOWS\System32\WindowsPowerShell\v1.0\;C:\WINDOWS\System32\OpenSSH\;C:\MinGW\bin;D:\Program Files\Matlab\runtime\win64;D:\Program Files\Matlab\bin;D:\Program Files\Matlab\polyspace\bin;C:\Program Files\R\R-3.3.2\bin\64x;C:\Program Files\dotnet\;C:\Program Files (x86)\Microsoft SQL Server\150\DTS\Binn\;C:\Program Files\Azure Data Studio\bin;C:\Program Files\Java\jdk-11.0.15.1\bin;C:\Program Files\Java\jre1.8.0_333\bin;C:\Program Files\nodejs\;C:\Program Files\Git\cmd;C:\Program Files\Cloudflare\Cloudflare WARP\;C:\Users\ASUS\AppData\Local\Programs\Python\Python38-32\Scripts\;C:\Users\ASUS\AppData\Local\Programs\Python\Python38-32\;C:\Users\ASUS\AppData\Local\Microsoft\WindowsApps;C:\Program Files\ffmpeg\bin;C:\Users\ASUS\AppData\Local\Programs\Microsoft VS Code\bin;C:\ffmpeg\bin;C:\FFmpeg\bin;C:\Users\ASUS\AppData\Local\GitHubDesktop\bin;C:\Users\ASUS\AppData\Roaming\npm
USERNAME=ASUS
OS=Windows_NT
PROCESSOR_IDENTIFIER=Intel64 Family 6 Model 142 Stepping 11, GenuineIntel



---------------  S Y S T E M  ---------------

OS: Windows 10 , 64 bit Build 19041 (10.0.19041.1741)

CPU:total 8 (initial active 8) (4 cores per cpu, 2 threads per core) family 6 model 142 stepping 11 microcode 0xde, cmov, cx8, fxsr, mmx, sse, sse2, sse3, ssse3, sse4.1, sse4.2, popcnt, avx, avx2, aes, clmul, erms, 3dnowpref, lzcnt, ht, tsc, tscinvbit, bmi1, bmi2, adx, fma

Memory: 4k page, system-wide physical 8079M (731M free)
TotalPageFile size 17187M (AvailPageFile size 3M)
current process WorkingSet (physical memory assigned to process): 235M, peak: 264M
current process commit charge ("private bytes"): 316M, peak: 348M

vm_info: Java HotSpot(TM) 64-Bit Server VM (11.0.15.1+2-LTS-10) for windows-amd64 JRE (11.0.15.1+2-LTS-10), built on Apr 25 2022 21:51:57 by "mach5one" with MS VC++ 15.9 (VS2017)

END.
